This is pdfTeX, Version 3.141592653-2.6-1.40.25 (TeX Live 2023/Debian) (preloaded format=pdflatex 2024.10.18)  3 NOV 2024 18:38
entering extended mode
 restricted \write18 enabled.
 %&-line parsing enabled.
**bibliofiles.tex
(./bibliofiles.tex
LaTeX2e <2023-11-01> patch level 1
L3 programming layer <2024-01-22>
)
! Emergency stop.
<*> bibliofiles.tex
                   
*** (job aborted, no legal \end found)

 
Here is how much of TeX's memory you used:
 17 strings out of 474222
 418 string characters out of 5748732
 1922975 words of memory out of 5000000
 22371 multiletter control sequences out of 15000+600000
 558069 words of font info for 36 fonts, out of 8000000 for 9000
 1141 hyphenation exceptions out of 8191
 12i,0n,13p,69b,8s stack positions out of 10000i,1000n,20000p,200000b,200000s
!  ==> Fatal error occurred, no output PDF file produced!
